<testsuites id="" name="" tests="1" failures="1" skipped="0" errors="0" time="42.431544">
<testsuite name="hu-allin-overlay-timing.spec.ts" timestamp="2025-09-24T16:42:24.874Z" hostname="chromium" tests="1" failures="1" skipped="0" time="35.191" errors="0">
<testcase name="All-in overlay appears only after River is visually dealt" classname="hu-allin-overlay-timing.spec.ts" time="35.191">
<failure message="hu-allin-overlay-timing.spec.ts:3:1 All-in overlay appears only after River is visually dealt" type="FAILURE">
<![CDATA[  [chromium] › hu-allin-overlay-timing.spec.ts:3:1 › All-in overlay appears only after River is visually dealt 

    Error: expect(received).toBeTruthy()

    Received: false

      140 |   }
      141 |
    > 142 |   expect(riverSeen).toBeTruthy()
          |                     ^
      143 |   await page.waitForFunction(() => document.querySelectorAll('.community .card-md').length >= 5, null, { timeout: 5000 })
      144 |
      145 |   // Now overlay should appear (with generous delay slack)
        at C:\1Freeroll\frontend\tests\hu-allin-overlay-timing.spec.ts:142:21

    attachment #1: screenshot (image/png) ──────────────────────────────────────────────────────────
    ..\test-results\hu-allin-overlay-timing-Al-3572c-ter-River-is-visually-dealt-chromium\test-failed-1.png
    ────────────────────────────────────────────────────────────────────────────────────────────────

    attachment #2: video (video/webm) ──────────────────────────────────────────────────────────────
    ..\test-results\hu-allin-overlay-timing-Al-3572c-ter-River-is-visually-dealt-chromium\video.webm
    ────────────────────────────────────────────────────────────────────────────────────────────────

    Error Context: ..\test-results\hu-allin-overlay-timing-Al-3572c-ter-River-is-visually-dealt-chromium\error-context.md

    attachment #4: trace (application/zip) ─────────────────────────────────────────────────────────
    ..\test-results\hu-allin-overlay-timing-Al-3572c-ter-River-is-visually-dealt-chromium\trace.zip
    Usage:

        npx playwright show-trace ..\test-results\hu-allin-overlay-timing-Al-3572c-ter-River-is-visually-dealt-chromium\trace.zip

    ────────────────────────────────────────────────────────────────────────────────────────────────
]]>
</failure>
<system-out>
<![CDATA[
[[ATTACHMENT|..\test-results\hu-allin-overlay-timing-Al-3572c-ter-River-is-visually-dealt-chromium\test-failed-1.png]]

[[ATTACHMENT|..\test-results\hu-allin-overlay-timing-Al-3572c-ter-River-is-visually-dealt-chromium\video.webm]]

[[ATTACHMENT|..\test-results\hu-allin-overlay-timing-Al-3572c-ter-River-is-visually-dealt-chromium\error-context.md]]

[[ATTACHMENT|..\test-results\hu-allin-overlay-timing-Al-3572c-ter-River-is-visually-dealt-chromium\trace.zip]]
]]>
</system-out>
</testcase>
</testsuite>
</testsuites>